# JRE version: Java(TM) SE Runtime Environment (8.0_171-b11) (build 1.8.0_171-b11)
# Java VM: Java HotSpot(TM) 64-Bit Server VM (25.171-b11 mixed mode windows-amd64 compressed oops)
Heap:
 PSYoungGen      total 258048K, used 38521K [0x00000000d5f00000, 0x00000000e9d00000, 0x0000000100000000)
  eden space 246272K, 10% used [0x00000000d5f00000,0x00000000d79251f8,0x00000000e4f80000)
  from space 11776K, 99% used [0x00000000e6800000,0x00000000e73793b0,0x00000000e7380000)
  to   space 25088K, 0% used [0x00000000e4f80000,0x00000000e4f80000,0x00000000e6800000)
 ParOldGen       total 89600K, used 53093K [0x0000000081c00000, 0x0000000087380000, 0x00000000d5f00000)
  object space 89600K, 59% used [0x0000000081c00000,0x0000000084fd96d8,0x0000000087380000)
 Metaspace       used 33489K, capacity 34292K, committed 34608K, reserved 1079296K
  class space    used 3837K, capacity 4075K, committed 4144K, reserved 1048576K
GC Heap History (10 events):
Event: 8.960 GC heap before
{Heap before GC invocations=7 (full 0):
 PSYoungGen      total 147968K, used 42758K [0x00000000d5f00000, 0x00000000e0000000, 0x0000000100000000)
  eden space 132608K, 23% used [0x00000000d5f00000,0x00000000d7d83b50,0x00000000de080000)
  from space 15360K, 74% used [0x00000000df000000,0x00000000dfb3e050,0x00000000dff00000)
  to   space 15872K, 0% used [0x00000000de080000,0x00000000de080000,0x00000000df000000)
 ParOldGen       total 87552K, used 20487K [0x0000000081c00000, 0x0000000087180000, 0x00000000d5f00000)
  object space 87552K, 23% used [0x0000000081c00000,0x0000000083001e80,0x0000000087180000)
 Metaspace       used 20702K, capacity 21130K, committed 21296K, reserved 1069056K
  class space    used 2446K, capacity 2579K, committed 2608K, reserved 1048576K
Event: 8.983 GC heap after
Heap after GC invocations=7 (full 0):
 PSYoungGen      total 148480K, used 14328K [0x00000000d5f00000, 0x00000000e8400000, 0x0000000100000000)
  eden space 132608K, 0% used [0x00000000d5f00000,0x00000000d5f00000,0x00000000de080000)
  from space 15872K, 90% used [0x00000000de080000,0x00000000dee7e360,0x00000000df000000)
  to   space 17408K, 0% used [0x00000000e7300000,0x00000000e7300000,0x00000000e8400000)
 ParOldGen       total 87552K, used 21761K [0x0000000081c00000, 0x0000000087180000, 0x00000000d5f00000)
  object space 87552K, 24% used [0x0000000081c00000,0x0000000083140700,0x0000000087180000)
 Metaspace       used 20702K, capacity 21130K, committed 21296K, reserved 1069056K
  class space    used 2446K, capacity 2579K, committed 2608K, reserved 1048576K
}
Event: 8.983 GC heap before
{Heap before GC invocations=8 (full 1):
 PSYoungGen      total 148480K, used 14328K [0x00000000d5f00000, 0x00000000e8400000, 0x0000000100000000)
  eden space 132608K, 0% used [0x00000000d5f00000,0x00000000d5f00000,0x00000000de080000)
  from space 15872K, 90% used [0x00000000de080000,0x00000000dee7e360,0x00000000df000000)
  to   space 17408K, 0% used [0x00000000e7300000,0x00000000e7300000,0x00000000e8400000)
 ParOldGen       total 87552K, used 21761K [0x0000000081c00000, 0x0000000087180000, 0x00000000d5f00000)
  object space 87552K, 24% used [0x0000000081c00000,0x0000000083140700,0x0000000087180000)
 Metaspace       used 20702K, capacity 21130K, committed 21296K, reserved 1069056K
  class space    used 2446K, capacity 2579K, committed 2608K, reserved 1048576K
Event: 9.160 GC heap after
Heap after GC invocations=8 (full 1):
 PSYoungGen      total 148480K, used 0K [0x00000000d5f00000, 0x00000000e8400000, 0x0000000100000000)
  eden space 132608K, 0% used [0x00000000d5f00000,0x00000000d5f00000,0x00000000de080000)
  from space 15872K, 0% used [0x00000000de080000,0x00000000de080000,0x00000000df000000)
  to   space 17408K, 0% used [0x00000000e7300000,0x00000000e7300000,0x00000000e8400000)
 ParOldGen       total 89600K, used 28735K [0x0000000081c00000, 0x0000000087380000, 0x00000000d5f00000)
  object space 89600K, 32% used [0x0000000081c00000,0x000000008380fe30,0x0000000087380000)
 Metaspace       used 20702K, capacity 21130K, committed 21296K, reserved 1069056K
  class space    used 2446K, capacity 2579K, committed 2608K, reserved 1048576K
}
Event: 20.092 GC heap before
{Heap before GC invocations=9 (full 1):
 PSYoungGen      total 148480K, used 132608K [0x00000000d5f00000, 0x00000000e8400000, 0x0000000100000000)
  eden space 132608K, 100% used [0x00000000d5f00000,0x00000000de080000,0x00000000de080000)
  from space 15872K, 0% used [0x00000000de080000,0x00000000de080000,0x00000000df000000)
  to   space 17408K, 0% used [0x00000000e7300000,0x00000000e7300000,0x00000000e8400000)
 ParOldGen       total 89600K, used 28735K [0x0000000081c00000, 0x0000000087380000, 0x00000000d5f00000)
  object space 89600K, 32% used [0x0000000081c00000,0x000000008380fe30,0x0000000087380000)
 Metaspace       used 25811K, capacity 26412K, committed 26800K, reserved 1073152K
  class space    used 2991K, capacity 3199K, committed 3248K, reserved 1048576K
Event: 20.110 GC heap after
Heap after GC invocations=9 (full 1):
 PSYoungGen      total 197632K, used 11458K [0x00000000d5f00000, 0x00000000e7e80000, 0x0000000100000000)
  eden space 185856K, 0% used [0x00000000d5f00000,0x00000000d5f00000,0x00000000e1480000)
  from space 11776K, 97% used [0x00000000e7300000,0x00000000e7e30880,0x00000000e7e80000)
  to   space 16896K, 0% used [0x00000000e5d80000,0x00000000e5d80000,0x00000000e6e00000)
 ParOldGen       total 89600K, used 28743K [0x0000000081c00000, 0x0000000087380000, 0x00000000d5f00000)
  object space 89600K, 32% used [0x0000000081c00000,0x0000000083811e30,0x0000000087380000)
 Metaspace       used 25811K, capacity 26412K, committed 26800K, reserved 1073152K
  class space    used 2991K, capacity 3199K, committed 3248K, reserved 1048576K
}
Event: 25.565 GC heap before
{Heap before GC invocations=10 (full 1):
 PSYoungGen      total 197632K, used 197314K [0x00000000d5f00000, 0x00000000e7e80000, 0x0000000100000000)
  eden space 185856K, 100% used [0x00000000d5f00000,0x00000000e1480000,0x00000000e1480000)
  from space 11776K, 97% used [0x00000000e7300000,0x00000000e7e30880,0x00000000e7e80000)
  to   space 16896K, 0% used [0x00000000e5d80000,0x00000000e5d80000,0x00000000e6e00000)
 ParOldGen       total 89600K, used 28743K [0x0000000081c00000, 0x0000000087380000, 0x00000000d5f00000)
  object space 89600K, 32% used [0x0000000081c00000,0x0000000083811e30,0x0000000087380000)
 Metaspace       used 26620K, capacity 27244K, committed 27696K, reserved 1073152K
  class space    used 3053K, capacity 3263K, committed 3376K, reserved 1048576K
Event: 25.581 GC heap after
Heap after GC invocations=10 (full 1):
 PSYoungGen      total 235520K, used 10658K [0x00000000d5f00000, 0x00000000e7380000, 0x0000000100000000)
  eden space 224768K, 0% used [0x00000000d5f00000,0x00000000d5f00000,0x00000000e3a80000)
  from space 10752K, 99% used [0x00000000e5d80000,0x00000000e67e8a18,0x00000000e6800000)
  to   space 11776K, 0% used [0x00000000e6800000,0x00000000e6800000,0x00000000e7380000)
 ParOldGen       total 89600K, used 28751K [0x0000000081c00000, 0x0000000087380000, 0x00000000d5f00000)
  object space 89600K, 32% used [0x0000000081c00000,0x0000000083813e30,0x0000000087380000)
 Metaspace       used 26620K, capacity 27244K, committed 27696K, reserved 1073152K
  class space    used 3053K, capacity 3263K, committed 3376K, reserved 1048576K
}
Event: 31.981 GC heap before
{Heap before GC invocations=11 (full 1):
 PSYoungGen      total 235520K, used 235426K [0x00000000d5f00000, 0x00000000e7380000, 0x0000000100000000)
  eden space 224768K, 100% used [0x00000000d5f00000,0x00000000e3a80000,0x00000000e3a80000)
  from space 10752K, 99% used [0x00000000e5d80000,0x00000000e67e8a18,0x00000000e6800000)
  to   space 11776K, 0% used [0x00000000e6800000,0x00000000e6800000,0x00000000e7380000)
 ParOldGen       total 89600K, used 28751K [0x0000000081c00000, 0x0000000087380000, 0x00000000d5f00000)
  object space 89600K, 32% used [0x0000000081c00000,0x0000000083813e30,0x0000000087380000)
 Metaspace       used 33128K, capacity 33808K, committed 34096K, reserved 1079296K
  class space    used 3786K, capacity 4021K, committed 4144K, reserved 1048576K
Event: 32.081 GC heap after
Heap after GC invocations=11 (full 1):
 PSYoungGen      total 258048K, used 11748K [0x00000000d5f00000, 0x00000000e9d00000, 0x0000000100000000)
  eden space 246272K, 0% used [0x00000000d5f00000,0x00000000d5f00000,0x00000000e4f80000)
  from space 11776K, 99% used [0x00000000e6800000,0x00000000e73793b0,0x00000000e7380000)
  to   space 25088K, 0% used [0x00000000e4f80000,0x00000000e4f80000,0x00000000e6800000)
 ParOldGen       total 89600K, used 53093K [0x0000000081c00000, 0x0000000087380000, 0x00000000d5f00000)
  object space 89600K, 59% used [0x0000000081c00000,0x0000000084fd96d8,0x0000000087380000)
 Metaspace       used 33128K, capacity 33808K, committed 34096K, reserved 1079296K
  class space    used 3786K, capacity 4021K, committed 4144K, reserved 1048576K
}

